<?xml version="1.0" encoding="UTF-8"?>
<TestRun id="88057fb2-cf23-490d-9260-99891558f6ec" name="ShenJian281@SHENJIAN281-PC 2014-03-22 19:57:27" runUser="ShenJian281-PC\ShenJian281" xmlns="http://microsoft.com/schemas/VisualStudio/TeamTest/2010">
  <TestSettings name="本地" id="77859324-7827-4231-9957-8f778a946fc8">
    <Description>这些设置为本地测试运行的默认测试设置。</Description>
    <Deployment enabled="false" runDeploymentRoot="ShenJian281_SHENJIAN281-PC 2014-03-22 19_57_27">
      <DeploymentItem filename="C:\Shenjian\RSS2KINDLE\libs\SgmlReaderDll.dll" />
      <DeploymentItem filename="C:\Shenjian\RSS2KINDLE\KVP_Config\bin\Debug\KVP_Config.dll" />
      <DeploymentItem filename="C:\Shenjian\RSS2KINDLE\bin\Debug\RSS2KINDLE.exe" />
      <DeploymentItem filename="C:\Shenjian\RSS2KINDLE\libs\QDFeedParser.dll" />
      <DeploymentItem filename="C:\Shenjian\RSS2KINDLE\libs\HtmlAgilityPack.dll" />
      <DeploymentItem filename="C:\Shenjian\RSS2KINDLE\libs\NReadability.dll" />
    </Deployment>
    <Execution>
      <TestTypeSpecific />
      <AgentRule name="Execution Agents">
      </AgentRule>
    </Execution>
  </TestSettings>
  <Times creation="2014-03-22T19:57:27.3763582+08:00" queuing="2014-03-22T19:57:29.5294814+08:00" start="2014-03-22T19:57:29.6114861+08:00" finish="2014-03-22T19:57:30.4475339+08:00" />
  <ResultSummary outcome="Failed">
    <Counters total="1" executed="1" error="0" failed="1" timeout="0" aborted="0" inconclusive="0" passedButRunAborted="0" notRunnable="0" notExecuted="0" disconnected="0" warning="0" passed="0" completed="0" inProgress="0" pending="0" />
  </ResultSummary>
  <TestDefinitions>
    <UnitTest name="GetHtml2Test" storage="c:\shenjian\rss2kindle\testproject1\bin\debug\testproject1.dll" id="ce5f032c-bbb5-fd39-262e-42bfd78e4e9e">
      <Execution id="2bdc11e3-3b54-4bff-a84a-3345ce009ce7" />
      <TestMethod codeBase="C:/Shenjian/RSS2KINDLE/TestProject1/bin/Debug/TestProject1.DLL" adapterTypeName="Microsoft.VisualStudio.TestTools.TestTypes.Unit.UnitTestAdapter, Microsoft.VisualStudio.QualityTools.Tips.UnitTest.Adapter, Version=10.0.0.0, Culture=neutral, PublicKeyToken=b03f5f7f11d50a3a" className="TestProject1.UtilityTest, TestProject1, Version=1.0.0.0, Culture=neutral, PublicKeyToken=null" name="GetHtml2Test" />
    </UnitTest>
  </TestDefinitions>
  <TestLists>
    <TestList name="列表中未列出的结果" id="8c84fa94-04c1-424b-9868-57a2d4851a1d" />
    <TestList name="所有已加载的结果" id="19431567-8539-422a-85d7-44ee4e166bda" />
  </TestLists>
  <TestEntries>
    <TestEntry testId="ce5f032c-bbb5-fd39-262e-42bfd78e4e9e" executionId="2bdc11e3-3b54-4bff-a84a-3345ce009ce7" testListId="8c84fa94-04c1-424b-9868-57a2d4851a1d" />
  </TestEntries>
  <Results>
    <UnitTestResult executionId="2bdc11e3-3b54-4bff-a84a-3345ce009ce7" testId="ce5f032c-bbb5-fd39-262e-42bfd78e4e9e" testName="GetHtml2Test" computerName="SHENJIAN281-PC" duration="00:00:00.1474608" startTime="2014-03-22T19:57:29.6194865+08:00" endTime="2014-03-22T19:57:30.3925307+08:00" testType="13cdc9d9-ddb5-4fa4-a97d-d965ccfc6d4b" outcome="Failed" testListId="8c84fa94-04c1-424b-9868-57a2d4851a1d" relativeResultsDirectory="2bdc11e3-3b54-4bff-a84a-3345ce009ce7">
      <Output>
        <ErrorInfo>
          <Message>测试方法 TestProject1.UtilityTest.GetHtml2Test 引发了异常: 
System.ArgumentNullException: 值不能为 null。
参数名: address</Message>
          <StackTrace>    在 System.Net.WebClient.DownloadString(Uri address)
   在 RSS2KINDLE.Utility.GetHtml2(Uri uri) 位置 C:\Shenjian\RSS2KINDLE\Utility.cs:行号 32
   在 TestProject1.UtilityTest.GetHtml2Test() 位置 C:\Shenjian\RSS2KINDLE\TestProject1\UtilityTest.cs:行号 76
</StackTrace>
        </ErrorInfo>
      </Output>
    </UnitTestResult>
  </Results>
</TestRun>